<?xml version="1.0" encoding="UTF-8"?>
<testng-results skipped="0" failed="0" ignored="0" total="1" passed="1">
  <reporter-output>
  </reporter-output>
  <suite name="Suite" duration-ms="822" started-at="2019-11-29T15:07:51Z" finished-at="2019-11-29T15:07:52Z">
    <groups>
      <group name="cucumber">
        <method signature="AbstractTestNGCucumberTests.feature(cucumber.api.testng.CucumberFeatureWrapper)[pri:0, instance:com.osa.runner.Run@4883b407]" name="feature" class="cucumber.api.testng.AbstractTestNGCucumberTests"/>
      </group> <!-- cucumber -->
    </groups>
    <test name="Test" duration-ms="822" started-at="2019-11-29T15:07:51Z" finished-at="2019-11-29T15:07:52Z">
      <class name="com.osa.runner.Run">
        <test-method status="PASS" signature="setUpClass()[pri:0, instance:com.osa.runner.Run@4883b407]" name="setUpClass" is-config="true" duration-ms="353" started-at="2019-11-29T15:07:51Z" finished-at="2019-11-29T15:07:52Z">
          <reporter-output>
          </reporter-output>
        </test-method> <!-- setUpClass -->
        <test-method status="PASS" signature="feature(cucumber.api.testng.CucumberFeatureWrapper)[pri:0, instance:com.osa.runner.Run@4883b407]" name="feature" duration-ms="293" started-at="2019-11-29T15:07:52Z" description="Runs Cucumber Feature" data-provider="features" finished-at="2019-11-29T15:07:52Z">
          <params>
            <param index="0">
              <value>
                <![CDATA[Title of your feature]]>
              </value>
            </param>
          </params>
          <reporter-output>
          </reporter-output>
        </test-method> <!-- feature -->
        <test-method status="PASS" signature="tearDownClass()[pri:0, instance:com.osa.runner.Run@4883b407]" name="tearDownClass" is-config="true" duration-ms="18" started-at="2019-11-29T15:07:52Z" finished-at="2019-11-29T15:07:52Z">
          <reporter-output>
          </reporter-output>
        </test-method> <!-- tearDownClass -->
      </class> <!-- com.osa.runner.Run -->
    </test> <!-- Test -->
  </suite> <!-- Suite -->
</testng-results>
