<?xml version="1.0" encoding="UTF-8"?>
<testng-results skipped="0" failed="0" total="1" passed="1">
  <reporter-output>
  </reporter-output>
  <suite name="Suite" duration-ms="851" started-at="2019-12-02T01:10:25Z" finished-at="2019-12-02T01:10:26Z">
    <groups>
      <group name="cucumber">
        <method signature="AbstractTestNGCucumberTests.feature(cucumber.api.testng.CucumberFeatureWrapper)[pri:0, instance:com.osa.runner.Run@77b52d12]" name="feature" class="cucumber.api.testng.AbstractTestNGCucumberTests"/>
      </group> <!-- cucumber -->
    </groups>
    <test name="Test" duration-ms="851" started-at="2019-12-02T01:10:25Z" finished-at="2019-12-02T01:10:26Z">
      <class name="com.osa.runner.Run">
        <test-method status="PASS" signature="setUpClass()[pri:0, instance:com.osa.runner.Run@77b52d12]" name="setUpClass" is-config="true" duration-ms="402" started-at="2019-12-01T20:10:25Z" finished-at="2019-12-01T20:10:26Z">
          <reporter-output>
          </reporter-output>
        </test-method> <!-- setUpClass -->
        <test-method status="PASS" signature="feature(cucumber.api.testng.CucumberFeatureWrapper)[pri:0, instance:com.osa.runner.Run@77b52d12]" name="feature" duration-ms="279" started-at="2019-12-01T20:10:26Z" description="Runs Cucumber Feature" data-provider="features" finished-at="2019-12-01T20:10:26Z">
          <params>
            <param index="0">
              <value>
                <![CDATA[Title of your feature]]>
              </value>
            </param>
          </params>
          <reporter-output>
          </reporter-output>
        </test-method> <!-- feature -->
        <test-method status="PASS" signature="tearDownClass()[pri:0, instance:com.osa.runner.Run@77b52d12]" name="tearDownClass" is-config="true" duration-ms="15" started-at="2019-12-01T20:10:26Z" finished-at="2019-12-01T20:10:26Z">
          <reporter-output>
          </reporter-output>
        </test-method> <!-- tearDownClass -->
      </class> <!-- com.osa.runner.Run -->
    </test> <!-- Test -->
  </suite> <!-- Suite -->
</testng-results>
